[0.015s] Invoking command in '/home/ri-one/ws/robo_exp/build/robo_exp': CMAKE_PREFIX_PATH=${CMAKE_PREFIX_PATH}:/opt/ros/foxy /usr/bin/cmake --build /home/ri-one/ws/robo_exp/build/robo_exp -- -j8 -l8
[0.048s] -- Found ament_cmake: 0.9.9 (/opt/ros/foxy/share/ament_cmake/cmake)
[0.074s] -- Using PYTHON_EXECUTABLE: /usr/bin/python3
[0.286s] -- Found rclcpp: 2.4.0 (/opt/ros/foxy/share/rclcpp/cmake)
[0.327s] -- Using all available rosidl_typesupport_c: rosidl_typesupport_fastrtps_c;rosidl_typesupport_introspection_c
[0.332s] -- Found rosidl_adapter: 1.2.1 (/opt/ros/foxy/share/rosidl_adapter/cmake)
[0.474s] -- Using all available rosidl_typesupport_cpp: rosidl_typesupport_fastrtps_cpp;rosidl_typesupport_introspection_cpp
[0.534s] -- Found rmw_implementation_cmake: 1.0.3 (/opt/ros/foxy/share/rmw_implementation_cmake/cmake)
[0.536s] -- Using RMW implementation 'rmw_fastrtps_cpp' as default
[0.711s] -- Found message_info: 0.0.0 (/home/ri-one/ssl_ws/RiAI/install/message_info/share/message_info/cmake)
[1.014s] -- Found gui: 0.0.0 (/home/ri-one/ssl_ws/RiAI/install/gui/share/gui/cmake)
[1.014s] -- Found eigen3_cmake_module: 0.1.1 (/opt/ros/foxy/share/eigen3_cmake_module/cmake)
[1.019s] -- Found ament_lint_auto: 0.9.6 (/opt/ros/foxy/share/ament_lint_auto/cmake)
[1.104s] -- Added test 'copyright' to check source files copyright and LICENSE
[1.119s] -- Added test 'cppcheck' to perform static code analysis on C / C++ code
[1.119s] -- Configured cppcheck include dirs: /home/ri-one/ws/robo_exp/include
[1.119s] -- Configured cppcheck exclude dirs and/or files: 
[1.129s] -- Added test 'cpplint' to check C / C++ code against the Google style
[1.129s] -- Configured cpplint exclude dirs and/or files: 
[1.131s] -- Added test 'flake8' to check Python code syntax and style conventions
[1.134s] -- Added test 'lint_cmake' to check CMake code style
[1.135s] -- Added test 'pep257' to check Python code against some of the style conventions in PEP 257
[1.145s] -- Added test 'uncrustify' to check C / C++ code style
[1.145s] -- Configured uncrustify additional arguments: 
[1.147s] -- Added test 'xmllint' to check XML markup files
[1.150s] -- Configuring done
[1.161s] -- Generating done
[1.163s] -- Build files have been written to: /home/ri-one/ws/robo_exp/build/robo_exp
[1.219s] [100%] Built target move
[1.232s] Invoked command in '/home/ri-one/ws/robo_exp/build/robo_exp' returned '0': CMAKE_PREFIX_PATH=${CMAKE_PREFIX_PATH}:/opt/ros/foxy /usr/bin/cmake --build /home/ri-one/ws/robo_exp/build/robo_exp -- -j8 -l8
[1.275s] Invoking command in '/home/ri-one/ws/robo_exp/build/robo_exp': CMAKE_PREFIX_PATH=${CMAKE_PREFIX_PATH}:/opt/ros/foxy /usr/bin/cmake --install /home/ri-one/ws/robo_exp/build/robo_exp
[1.286s] -- Install configuration: ""
[1.286s] -- Up-to-date: /home/ri-one/ws/robo_exp/install/robo_exp/lib/robo_exp/move
[1.286s] -- Installing: /home/ri-one/ws/robo_exp/install/robo_exp/share/ament_index/resource_index/package_run_dependencies/robo_exp
[1.286s] -- Installing: /home/ri-one/ws/robo_exp/install/robo_exp/share/ament_index/resource_index/parent_prefix_path/robo_exp
[1.287s] -- Installing: /home/ri-one/ws/robo_exp/install/robo_exp/share/robo_exp/environment/ament_prefix_path.sh
[1.287s] -- Installing: /home/ri-one/ws/robo_exp/install/robo_exp/share/robo_exp/environment/ament_prefix_path.dsv
[1.287s] -- Installing: /home/ri-one/ws/robo_exp/install/robo_exp/share/robo_exp/environment/path.sh
[1.287s] -- Installing: /home/ri-one/ws/robo_exp/install/robo_exp/share/robo_exp/environment/path.dsv
[1.287s] -- Installing: /home/ri-one/ws/robo_exp/install/robo_exp/share/robo_exp/local_setup.bash
[1.287s] -- Installing: /home/ri-one/ws/robo_exp/install/robo_exp/share/robo_exp/local_setup.sh
[1.288s] -- Installing: /home/ri-one/ws/robo_exp/install/robo_exp/share/robo_exp/local_setup.zsh
[1.288s] -- Installing: /home/ri-one/ws/robo_exp/install/robo_exp/share/robo_exp/local_setup.dsv
[1.288s] -- Installing: /home/ri-one/ws/robo_exp/install/robo_exp/share/robo_exp/package.dsv
[1.288s] -- Installing: /home/ri-one/ws/robo_exp/install/robo_exp/share/ament_index/resource_index/packages/robo_exp
[1.288s] -- Installing: /home/ri-one/ws/robo_exp/install/robo_exp/share/robo_exp/cmake/robo_expConfig.cmake
[1.288s] -- Installing: /home/ri-one/ws/robo_exp/install/robo_exp/share/robo_exp/cmake/robo_expConfig-version.cmake
[1.288s] -- Installing: /home/ri-one/ws/robo_exp/install/robo_exp/share/robo_exp/package.xml
[1.291s] Invoked command in '/home/ri-one/ws/robo_exp/build/robo_exp' returned '0': CMAKE_PREFIX_PATH=${CMAKE_PREFIX_PATH}:/opt/ros/foxy /usr/bin/cmake --install /home/ri-one/ws/robo_exp/build/robo_exp
