[01m[K/home/ri-one/ws/robo_exp/src/move.cpp:[m[K In member function ‘[01m[Kvoid Move::callback_position(geometry_msgs::msg::PointStamped_<std::allocator<void> >::SharedPtr)[m[K’:
[01m[K/home/ri-one/ws/robo_exp/src/move.cpp:16:2:[m[K [01;31m[Kerror: [m[K‘[01m[Kcout[m[K’ was not declared in this scope; did you mean ‘[01m[Kstd::cout[m[K’?
   16 |  [01;31m[Kcout[m[K<<position->point.x<<endl;
      |  [01;31m[K^~~~[m[K
      |  [32m[Kstd::cout[m[K
In file included from [01m[K/opt/ros/foxy/include/rclcpp/executor.hpp:22[m[K,
                 from [01m[K/opt/ros/foxy/include/rclcpp/executors/multi_threaded_executor.hpp:26[m[K,
                 from [01m[K/opt/ros/foxy/include/rclcpp/executors.hpp:21[m[K,
                 from [01m[K/opt/ros/foxy/include/rclcpp/rclcpp.hpp:146[m[K,
                 from [01m[K/home/ri-one/ws/robo_exp/src/move.hpp:2[m[K,
                 from [01m[K/home/ri-one/ws/robo_exp/src/move.cpp:1[m[K:
[01m[K/usr/include/c++/9/iostream:61:18:[m[K [01;36m[Knote: [m[K‘[01m[Kstd::cout[m[K’ declared here
   61 |   extern ostream [01;36m[Kcout[m[K;  /// Linked to standard output
      |                  [01;36m[K^~~~[m[K
[01m[K/home/ri-one/ws/robo_exp/src/move.cpp:16:27:[m[K [01;31m[Kerror: [m[K‘[01m[Kendl[m[K’ was not declared in this scope; did you mean ‘[01m[Kstd::endl[m[K’?
   16 |  cout<<position->point.x<<[01;31m[Kendl[m[K;
      |                           [01;31m[K^~~~[m[K
      |                           [32m[Kstd::endl[m[K
In file included from [01m[K/usr/include/c++/9/iostream:39[m[K,
                 from [01m[K/opt/ros/foxy/include/rclcpp/executor.hpp:22[m[K,
                 from [01m[K/opt/ros/foxy/include/rclcpp/executors/multi_threaded_executor.hpp:26[m[K,
                 from [01m[K/opt/ros/foxy/include/rclcpp/executors.hpp:21[m[K,
                 from [01m[K/opt/ros/foxy/include/rclcpp/rclcpp.hpp:146[m[K,
                 from [01m[K/home/ri-one/ws/robo_exp/src/move.hpp:2[m[K,
                 from [01m[K/home/ri-one/ws/robo_exp/src/move.cpp:1[m[K:
[01m[K/usr/include/c++/9/ostream:599:5:[m[K [01;36m[Knote: [m[K‘[01m[Kstd::endl[m[K’ declared here
  599 |     [01;36m[Kendl[m[K(basic_ostream<_CharT, _Traits>& __os)
      |     [01;36m[K^~~~[m[K
make[2]: *** [CMakeFiles/move.dir/build.make:76: CMakeFiles/move.dir/src/move.cpp.o] エラー 1
make[1]: *** [CMakeFiles/Makefile2:78: CMakeFiles/move.dir/all] エラー 2
make: *** [Makefile:141: all] エラー 2
