[0.368s] DEBUG:colcon:Command line arguments: ['/usr/bin/colcon', 'build']
[0.368s] DEBUG:colcon:Parsed command line arguments: Namespace(ament_cmake_args=None, base_paths=['.'], build_base='build', catkin_cmake_args=None, catkin_skip_building_tests=False, cmake_args=None, cmake_clean_cache=False, cmake_clean_first=False, cmake_force_configure=False, cmake_target=None, cmake_target_skip_unavailable=False, continue_on_error=False, event_handlers=None, executor='parallel', ignore_user_meta=False, install_base='install', log_base=None, log_level=None, main=<bound method BuildVerb.main of <colcon_core.verb.build.BuildVerb object at 0x7f04f4803ca0>>, merge_install=False, metas=['./colcon.meta'], packages_above=None, packages_above_and_dependencies=None, packages_above_depth=None, packages_end=None, packages_ignore=None, packages_ignore_regex=None, packages_select=None, packages_select_build_failed=False, packages_select_by_dep=None, packages_select_regex=None, packages_select_test_failures=False, packages_skip=None, packages_skip_build_finished=False, packages_skip_by_dep=None, packages_skip_regex=None, packages_skip_test_passed=False, packages_skip_up_to=None, packages_start=None, packages_up_to=None, packages_up_to_regex=None, parallel_workers=8, paths=None, symlink_install=False, test_result_base=None, verb_extension=<colcon_core.verb.build.BuildVerb object at 0x7f04f4803ca0>, verb_name='build', verb_parser=<colcon_defaults.argument_parser.defaults.DefaultArgumentsDecorator object at 0x7f04f4812250>)
[0.374s] Level 1:colcon.colcon_core.package_discovery:discover_packages(colcon_meta) check parameters
[0.374s] Level 1:colcon.colcon_core.package_discovery:discover_packages(recursive) check parameters
[0.374s] Level 1:colcon.colcon_core.package_discovery:discover_packages(ignore) check parameters
[0.374s] Level 1:colcon.colcon_core.package_discovery:discover_packages(path) check parameters
[0.374s] Level 1:colcon.colcon_core.package_discovery:discover_packages(colcon_meta) discover
[0.374s] Level 1:colcon.colcon_core.package_discovery:discover_packages(recursive) discover
[0.374s] INFO:colcon.colcon_core.package_discovery:Crawling recursively for packages in '/home/ri-one/ws/robo_exp'
[0.375s] Level 1:colcon.colcon_core.package_identification:_identify(.) by extensions ['ignore', 'ignore_ament_install']
[0.375s] Level 1:colcon.colcon_core.package_identification:_identify(.) by extension 'ignore'
[0.375s] Level 1:colcon.colcon_core.package_identification:_identify(.) by extension 'ignore_ament_install'
[0.375s] Level 1:colcon.colcon_core.package_identification:_identify(.) by extensions ['colcon_pkg']
[0.375s] Level 1:colcon.colcon_core.package_identification:_identify(.) by extension 'colcon_pkg'
[0.375s] Level 1:colcon.colcon_core.package_identification:_identify(.) by extensions ['colcon_meta']
[0.375s] Level 1:colcon.colcon_core.package_identification:_identify(.) by extension 'colcon_meta'
[0.375s] Level 1:colcon.colcon_core.package_identification:_identify(.) by extensions ['ros']
[0.375s] Level 1:colcon.colcon_core.package_identification:_identify(.) by extension 'ros'
[0.392s] DEBUG:colcon.colcon_core.package_identification:Package '.' with type 'ros.ament_cmake' and name 'robo_exp'
[0.392s] Level 1:colcon.colcon_core.package_discovery:discover_packages(recursive) using defaults
[0.392s] Level 1:colcon.colcon_core.package_discovery:discover_packages(ignore) discover
[0.392s] Level 1:colcon.colcon_core.package_discovery:discover_packages(ignore) using defaults
[0.392s] Level 1:colcon.colcon_core.package_discovery:discover_packages(path) discover
[0.392s] Level 1:colcon.colcon_core.package_discovery:discover_packages(path) using defaults
[0.414s] Level 5:colcon.colcon_core.verb:set package 'robo_exp' build argument 'cmake_args' from command line to 'None'
[0.414s] Level 5:colcon.colcon_core.verb:set package 'robo_exp' build argument 'cmake_target' from command line to 'None'
[0.414s] Level 5:colcon.colcon_core.verb:set package 'robo_exp' build argument 'cmake_target_skip_unavailable' from command line to 'False'
[0.414s] Level 5:colcon.colcon_core.verb:set package 'robo_exp' build argument 'cmake_clean_cache' from command line to 'False'
[0.414s] Level 5:colcon.colcon_core.verb:set package 'robo_exp' build argument 'cmake_clean_first' from command line to 'False'
[0.414s] Level 5:colcon.colcon_core.verb:set package 'robo_exp' build argument 'cmake_force_configure' from command line to 'False'
[0.414s] Level 5:colcon.colcon_core.verb:set package 'robo_exp' build argument 'ament_cmake_args' from command line to 'None'
[0.414s] Level 5:colcon.colcon_core.verb:set package 'robo_exp' build argument 'catkin_cmake_args' from command line to 'None'
[0.414s] Level 5:colcon.colcon_core.verb:set package 'robo_exp' build argument 'catkin_skip_building_tests' from command line to 'False'
[0.414s] DEBUG:colcon.colcon_core.verb:Building package 'robo_exp' with the following arguments: {'ament_cmake_args': None, 'build_base': '/home/ri-one/ws/robo_exp/build/robo_exp', 'catkin_cmake_args': None, 'catkin_skip_building_tests': False, 'cmake_args': None, 'cmake_clean_cache': False, 'cmake_clean_first': False, 'cmake_force_configure': False, 'cmake_target': None, 'cmake_target_skip_unavailable': False, 'install_base': '/home/ri-one/ws/robo_exp/install/robo_exp', 'merge_install': False, 'path': '/home/ri-one/ws/robo_exp', 'symlink_install': False, 'test_result_base': None}
[0.414s] INFO:colcon.colcon_core.executor:Executing jobs using 'parallel' executor
[0.417s] DEBUG:colcon.colcon_parallel_executor.executor.parallel:run_until_complete
[0.417s] INFO:colcon.colcon_ros.task.ament_cmake.build:Building ROS package in '/home/ri-one/ws/robo_exp' with build type 'ament_cmake'
[0.417s] INFO:colcon.colcon_cmake.task.cmake.build:Building CMake package in '/home/ri-one/ws/robo_exp'
[0.421s] INFO:colcon.colcon_core.plugin_system:Skipping extension 'colcon_core.shell.bat': Not used on non-Windows systems
[0.421s] INFO:colcon.colcon_core.shell:Skip shell extension 'powershell' for command environment: Not usable outside of PowerShell
[0.421s] DEBUG:colcon.colcon_core.shell:Skip shell extension 'dsv' for command environment
[0.425s] DEBUG:colcon.colcon_core.shell:Ignoring prefix path '/opt/ros/foxy'
[0.436s] DEBUG:colcon.colcon_core.event_handler.log_command:Invoking command in '/home/ri-one/ws/robo_exp/build/robo_exp': CMAKE_PREFIX_PATH=${CMAKE_PREFIX_PATH}:/opt/ros/foxy /usr/bin/cmake --build /home/ri-one/ws/robo_exp/build/robo_exp -- -j8 -l8
[0.520s] DEBUG:colcon.colcon_core.event_handler.log_command:Invoked command in '/home/ri-one/ws/robo_exp/build/robo_exp' returned '0': CMAKE_PREFIX_PATH=${CMAKE_PREFIX_PATH}:/opt/ros/foxy /usr/bin/cmake --build /home/ri-one/ws/robo_exp/build/robo_exp -- -j8 -l8
[0.563s] DEBUG:colcon.colcon_core.event_handler.log_command:Invoking command in '/home/ri-one/ws/robo_exp/build/robo_exp': CMAKE_PREFIX_PATH=${CMAKE_PREFIX_PATH}:/opt/ros/foxy /usr/bin/cmake --install /home/ri-one/ws/robo_exp/build/robo_exp
[0.575s] Level 1:colcon.colcon_core.environment:create_environment_scripts_only(robo_exp)
[0.576s] DEBUG:colcon.colcon_core.event_handler.log_command:Invoked command in '/home/ri-one/ws/robo_exp/build/robo_exp' returned '0': CMAKE_PREFIX_PATH=${CMAKE_PREFIX_PATH}:/opt/ros/foxy /usr/bin/cmake --install /home/ri-one/ws/robo_exp/build/robo_exp
[0.579s] Level 1:colcon.colcon_core.environment:checking '/home/ri-one/ws/robo_exp/install/robo_exp' for CMake module files
[0.580s] Level 1:colcon.colcon_core.environment:checking '/home/ri-one/ws/robo_exp/install/robo_exp' for CMake config files
[0.580s] Level 1:colcon.colcon_core.shell:create_environment_hook('robo_exp', 'cmake_prefix_path')
[0.580s] INFO:colcon.colcon_core.shell:Creating environment hook '/home/ri-one/ws/robo_exp/install/robo_exp/share/robo_exp/hook/cmake_prefix_path.ps1'
[0.581s] INFO:colcon.colcon_core.shell:Creating environment descriptor '/home/ri-one/ws/robo_exp/install/robo_exp/share/robo_exp/hook/cmake_prefix_path.dsv'
[0.583s] INFO:colcon.colcon_core.shell:Creating environment hook '/home/ri-one/ws/robo_exp/install/robo_exp/share/robo_exp/hook/cmake_prefix_path.sh'
[0.584s] Level 1:colcon.colcon_core.environment:checking '/home/ri-one/ws/robo_exp/install/robo_exp/lib'
[0.584s] Level 1:colcon.colcon_core.environment:checking '/home/ri-one/ws/robo_exp/install/robo_exp/bin'
[0.585s] Level 1:colcon.colcon_core.environment:checking '/home/ri-one/ws/robo_exp/install/robo_exp/lib/pkgconfig/robo_exp.pc'
[0.585s] Level 1:colcon.colcon_core.environment:checking '/home/ri-one/ws/robo_exp/install/robo_exp/lib/python3.8/site-packages'
[0.585s] INFO:colcon.colcon_core.shell:Creating package script '/home/ri-one/ws/robo_exp/install/robo_exp/share/robo_exp/package.ps1'
[0.586s] INFO:colcon.colcon_core.shell:Creating package descriptor '/home/ri-one/ws/robo_exp/install/robo_exp/share/robo_exp/package.dsv'
[0.587s] INFO:colcon.colcon_core.shell:Creating package script '/home/ri-one/ws/robo_exp/install/robo_exp/share/robo_exp/package.sh'
[0.587s] INFO:colcon.colcon_core.shell:Creating package script '/home/ri-one/ws/robo_exp/install/robo_exp/share/robo_exp/package.bash'
[0.588s] INFO:colcon.colcon_core.shell:Creating package script '/home/ri-one/ws/robo_exp/install/robo_exp/share/robo_exp/package.zsh'
[0.589s] Level 1:colcon.colcon_core.environment:create_file_with_runtime_dependencies(/home/ri-one/ws/robo_exp/install/robo_exp/share/colcon-core/packages/robo_exp)
[0.617s] Level 1:colcon.colcon_core.environment:create_environment_scripts_only(robo_exp)
[0.618s] Level 1:colcon.colcon_core.environment:checking '/home/ri-one/ws/robo_exp/install/robo_exp' for CMake module files
[0.619s] Level 1:colcon.colcon_core.environment:checking '/home/ri-one/ws/robo_exp/install/robo_exp' for CMake config files
[0.619s] Level 1:colcon.colcon_core.shell:create_environment_hook('robo_exp', 'cmake_prefix_path')
[0.620s] INFO:colcon.colcon_core.shell:Creating environment hook '/home/ri-one/ws/robo_exp/install/robo_exp/share/robo_exp/hook/cmake_prefix_path.ps1'
[0.621s] INFO:colcon.colcon_core.shell:Creating environment descriptor '/home/ri-one/ws/robo_exp/install/robo_exp/share/robo_exp/hook/cmake_prefix_path.dsv'
[0.621s] INFO:colcon.colcon_core.shell:Creating environment hook '/home/ri-one/ws/robo_exp/install/robo_exp/share/robo_exp/hook/cmake_prefix_path.sh'
[0.622s] Level 1:colcon.colcon_core.environment:checking '/home/ri-one/ws/robo_exp/install/robo_exp/lib'
[0.622s] Level 1:colcon.colcon_core.environment:checking '/home/ri-one/ws/robo_exp/install/robo_exp/bin'
[0.622s] Level 1:colcon.colcon_core.environment:checking '/home/ri-one/ws/robo_exp/install/robo_exp/lib/pkgconfig/robo_exp.pc'
[0.622s] Level 1:colcon.colcon_core.environment:checking '/home/ri-one/ws/robo_exp/install/robo_exp/lib/python3.8/site-packages'
[0.622s] INFO:colcon.colcon_core.shell:Creating package script '/home/ri-one/ws/robo_exp/install/robo_exp/share/robo_exp/package.ps1'
[0.623s] INFO:colcon.colcon_core.shell:Creating package descriptor '/home/ri-one/ws/robo_exp/install/robo_exp/share/robo_exp/package.dsv'
[0.623s] INFO:colcon.colcon_core.shell:Creating package script '/home/ri-one/ws/robo_exp/install/robo_exp/share/robo_exp/package.sh'
[0.624s] INFO:colcon.colcon_core.shell:Creating package script '/home/ri-one/ws/robo_exp/install/robo_exp/share/robo_exp/package.bash'
[0.624s] INFO:colcon.colcon_core.shell:Creating package script '/home/ri-one/ws/robo_exp/install/robo_exp/share/robo_exp/package.zsh'
[0.625s] Level 1:colcon.colcon_core.environment:create_file_with_runtime_dependencies(/home/ri-one/ws/robo_exp/install/robo_exp/share/colcon-core/packages/robo_exp)
[0.625s] DEBUG:colcon.colcon_parallel_executor.executor.parallel:closing loop
[0.625s] DEBUG:colcon.colcon_parallel_executor.executor.parallel:loop closed
[0.626s] DEBUG:colcon.colcon_parallel_executor.executor.parallel:run_until_complete finished with '0'
[0.626s] DEBUG:colcon.colcon_core.event_reactor:joining thread
[0.632s] INFO:colcon.colcon_core.plugin_system:Skipping extension 'colcon_notification.desktop_notification.terminal_notifier': Not used on non-Darwin systems
[0.633s] INFO:colcon.colcon_core.plugin_system:Skipping extension 'colcon_notification.desktop_notification.win32': Not used on non-Windows systems
[0.633s] INFO:colcon.colcon_notification.desktop_notification:Sending desktop notification using 'notify2'
[0.642s] DEBUG:colcon.colcon_core.event_reactor:joined thread
[0.643s] INFO:colcon.colcon_core.shell:Creating prefix script '/home/ri-one/ws/robo_exp/install/local_setup.ps1'
[0.644s] INFO:colcon.colcon_core.shell:Creating prefix util module '/home/ri-one/ws/robo_exp/install/_local_setup_util_ps1.py'
[0.645s] INFO:colcon.colcon_core.shell:Creating prefix chain script '/home/ri-one/ws/robo_exp/install/setup.ps1'
[0.650s] INFO:colcon.colcon_core.shell:Creating prefix script '/home/ri-one/ws/robo_exp/install/local_setup.sh'
[0.651s] INFO:colcon.colcon_core.shell:Creating prefix util module '/home/ri-one/ws/robo_exp/install/_local_setup_util_sh.py'
[0.652s] INFO:colcon.colcon_core.shell:Creating prefix chain script '/home/ri-one/ws/robo_exp/install/setup.sh'
[0.656s] INFO:colcon.colcon_core.shell:Creating prefix script '/home/ri-one/ws/robo_exp/install/local_setup.bash'
[0.657s] INFO:colcon.colcon_core.shell:Creating prefix chain script '/home/ri-one/ws/robo_exp/install/setup.bash'
[0.659s] INFO:colcon.colcon_core.shell:Creating prefix script '/home/ri-one/ws/robo_exp/install/local_setup.zsh'
[0.660s] INFO:colcon.colcon_core.shell:Creating prefix chain script '/home/ri-one/ws/robo_exp/install/setup.zsh'
